#
# A fatal error has been detected by the Java Runtime Environment:
#
#  EXCEPTION_ACCESS_VIOLATION (0xc0000005) at pc=0x00007ff9edb002bf, pid=12624, tid=7096
#
# JRE version: OpenJDK Runtime Environment Temurin-17.0.4.1+1 (17.0.4.1+1) (build 17.0.4.1+1)
# Java VM: OpenJDK 64-Bit Server VM Temurin-17.0.4.1+1 (17.0.4.1+1, mixed mode, emulated-client, tiered, compressed oops, compressed class ptrs, g1 gc, windows-amd64)
# Problematic frame:
# V  [jvm.dll+0x1902bf]
#
# No core dump will be written. Minidumps are not enabled by default on client versions of Windows
#
# If you would like to submit a bug report, please visit:
#   https://github.com/adoptium/adoptium-support/issues
#

---------------  S U M M A R Y ------------

Command Line: -Dcom.sun.management.jmxremote -Dcom.sun.management.jmxremote.port=58348 -Dcom.sun.management.jmxremote.authenticate=false -Dcom.sun.management.jmxremote.ssl=false -Djava.rmi.server.hostname=localhost -Dspring.jmx.enabled=true -Dspring.application.admin.enabled=true -XX:TieredStopAtLevel=1 -Dspring.boot.project.name=MovieService -Dfile.encoding=UTF-8 -XX:+ShowCodeDetailsInExceptionMessages com.example.MovieService.MovieServiceApplication --spring.output.ansi.enabled=always

Host: Intel(R) Core(TM) i7-10510U CPU @ 1.80GHz, 8 cores, 15G,  Windows 10 , 64 bit Build 19041 (10.0.19041.2546)
Time: Fri Mar 10 10:37:38 2023 India Standard Time elapsed time: 22.617069 seconds (0d 0h 0m 22s)

---------------  T H R E A D  ---------------

Current thread (0x000001ced535d7d0):  JavaThread "C1 CompilerThread1" daemon [_thread_in_native, id=7096, stack(0x000000cd42e00000,0x000000cd42f00000)]


Current CompileTask:
C1:  22617 7410       1       java.util.GregorianCalendar::computeFields (1585 bytes)

Stack: [0x000000cd42e00000,0x000000cd42f00000],  sp=0x000000cd42efe550,  free space=1017k
Native frames: (J=compiled Java code, j=interpreted, Vv=VM code, C=native code)
V  [jvm.dll+0x1902bf]
V  [jvm.dll+0x14c70e]
V  [jvm.dll+0x148dbe]
V  [jvm.dll+0x14bcd5]
V  [jvm.dll+0x14bd37]
V  [jvm.dll+0x14bd37]
V  [jvm.dll+0x14bd37]
V  [jvm.dll+0x14bd37]
V  [jvm.dll+0x14bd37]
V  [jvm.dll+0x14bd37]
V  [jvm.dll+0x14bd37]
V  [jvm.dll+0x14bd37]
V  [jvm.dll+0x14bd37]
V  [jvm.dll+0x14bd37]
V  [jvm.dll+0x14bd37]
V  [jvm.dll+0x14bd37]
V  [jvm.dll+0x14bd37]
V  [jvm.dll+0x14bd37]
V  [jvm.dll+0x14bd37]
V  [jvm.dll+0x14bd37]
V  [jvm.dll+0x14bd37]
V  [jvm.dll+0x14bd37]
V  [jvm.dll+0x14bd37]
V  [jvm.dll+0x14bd37]
V  [jvm.dll+0x14bd37]
V  [jvm.dll+0x14bd37]
V  [jvm.dll+0x14bd37]
V  [jvm.dll+0x14bd37]
V  [jvm.dll+0x14bd37]
V  [jvm.dll+0x14bd37]
V  [jvm.dll+0x14bd37]
V  [jvm.dll+0x14bd37]
V  [jvm.dll+0x14bd37]
V  [jvm.dll+0x14bd37]
V  [jvm.dll+0x14bd37]
V  [jvm.dll+0x14bd37]
V  [jvm.dll+0x14be0b]
V  [jvm.dll+0x181f6d]
V  [jvm.dll+0x14a213]
V  [jvm.dll+0x133ef5]
V  [jvm.dll+0x1341b0]
V  [jvm.dll+0x134476]
V  [jvm.dll+0x13390a]
V  [jvm.dll+0x1355d1]
V  [jvm.dll+0x227498]
V  [jvm.dll+0x2255e5]
V  [jvm.dll+0x7e7e9b]
V  [jvm.dll+0x7e240a]
V  [jvm.dll+0x6761a5]
C  [ucrtbase.dll+0x21bb2]
C  [KERNEL32.DLL+0x17614]
C  [ntdll.dll+0x526a1]


siginfo: EXCEPTION_ACCESS_VIOLATION (0xc0000005), reading address 0x0000000000000028


Register to memory mapping:

RIP=0x00007ff9edb002bf jvm.dll
RAX=0x000001ced04bbd20 points into unknown readable memory: 0x00007ff9ee28c2a0 | a0 c2 28 ee f9 7f 00 00
RBX=0x000000000000001c is an unknown value
RCX=0x000000cd42efeca0 is pointing into the stack for thread: 0x000001ced535d7d0
RDX=0x000001ced5590250 points into unknown readable memory: 0x0000000000000010 | 10 00 00 00 00 00 00 00
RSP=0x000000cd42efe550 is pointing into the stack for thread: 0x000001ced535d7d0
RBP=0x0000000000000010 is an unknown value
RSI=0x000001ced5590120 points into unknown readable memory: 0x000001ced0f69170 | 70 91 f6 d0 ce 01 00 00
RDI=0x00000000000000e0 is an unknown value
R8 =0x000000cd42efec90 is pointing into the stack for thread: 0x000001ced535d7d0
R9 =0x0000000000000026 is an unknown value
R10=0x000001ced509a640 points into unknown readable memory: 0x00007ff9ee292fa8 | a8 2f 29 ee f9 7f 00 00
R11=0x000001ced504ffe0 points into unknown readable memory: 0x0100010101010101 | 01 01 01 01 01 01 00 01
R12=0x000001cecf94c2d0 points into unknown readable memory: 0x00007ff9ee28f350 | 50 f3 28 ee f9 7f 00 00
R13=0x000000cd42eff4f0 is pointing into the stack for thread: 0x000001ced535d7d0
R14=0x000001ced558fa60 points into unknown readable memory: 0x00007ff9ee28e6e0 | e0 e6 28 ee f9 7f 00 00
R15=0x000000cd42efeca0 is pointing into the stack for thread: 0x000001ced535d7d0


Registers:
RAX=0x000001ced04bbd20, RBX=0x000000000000001c, RCX=0x000000cd42efeca0, RDX=0x000001ced5590250
RSP=0x000000cd42efe550, RBP=0x0000000000000010, RSI=0x000001ced5590120, RDI=0x00000000000000e0
R8 =0x000000cd42efec90, R9 =0x0000000000000026, R10=0x000001ced509a640, R11=0x000001ced504ffe0
R12=0x000001cecf94c2d0, R13=0x000000cd42eff4f0, R14=0x000001ced558fa60, R15=0x000000cd42efeca0
RIP=0x00007ff9edb002bf, EFLAGS=0x0000000000010202

Top of Stack: (sp=0x000000cd42efe550)
0x000000cd42efe550:   000000000000000c 0000000000000000
0x000000cd42efe560:   0000000000000001 000001ced0e20ed0
0x000000cd42efe570:   000001ced558fa60 000001cec08b3910
0x000000cd42efe580:   000000cd42efeca0 00007ff9edabc70e
0x000000cd42efe590:   000001ced5590270 000001ced05a9620
0x000000cd42efe5a0:   000000cd42efeca0 000001cec08b3910
0x000000cd42efe5b0:   000001ced55900a0 00007ff9edab8dbe
0x000000cd42efe5c0:   000001ced5590270 000001ced05a9420
0x000000cd42efe5d0:   000001ced05a9620 000001cec08b3910
0x000000cd42efe5e0:   000000cd42efec90 00007ff9edabbcd5
0x000000cd42efe5f0:   000000cd42efec40 0000000000000001
0x000000cd42efe600:   000001ced05a9420 000001cec08b3910
0x000000cd42efe610:   000000cd42efec90 00007ff9edabbd37
0x000000cd42efe620:   0000000000000001 000001ced558fa60
0x000000cd42efe630:   000001ced05a9420 000000cd42efec40
0x000000cd42efe640:   000000cd42efec90 00007ff9edabbd37 

Instructions: (pc=0x00007ff9edb002bf)
0x00007ff9edb001bf:   00 00 48 8b ea 4c 8b 0c 38 4d 8b 71 18 e8 8f c8
0x00007ff9edb001cf:   f7 ff 48 85 c0 74 1d f7 d6 4c 8b c5 44 8b ce 49
0x00007ff9edb001df:   8b d6 48 8b c8 e8 37 f7 ff ff 48 8b 4b 38 48 89
0x00007ff9edb001ef:   04 0f eb 0c 48 8b 4b 38 48 c7 04 0f 00 00 00 00
0x00007ff9edb001ff:   48 8b 5c 24 30 48 8b 6c 24 38 48 8b 74 24 40 48
0x00007ff9edb0020f:   8b 7c 24 48 48 83 c4 20 41 5e c3 cc cc cc cc cc
0x00007ff9edb0021f:   cc 33 d2 48 85 c9 74 16 48 8b 41 48 48 85 c0 74
0x00007ff9edb0022f:   02 8b 00 48 8b 49 08 03 d0 48 85 c9 75 ea 8b c2
0x00007ff9edb0023f:   c3 48 8b 41 48 ff 08 33 d2 0f 1f 84 00 00 00 00
0x00007ff9edb0024f:   00 48 8b 41 48 48 85 c0 74 02 8b 00 48 8b 49 08
0x00007ff9edb0025f:   03 d0 48 85 c9 75 ea 8b c2 c3 cc cc cc cc cc cc
0x00007ff9edb0026f:   cc 48 85 c9 0f 84 3b 01 00 00 56 41 57 48 83 ec
0x00007ff9edb0027f:   28 48 89 5c 24 40 4c 8b fa 48 89 6c 24 48 48 8b
0x00007ff9edb0028f:   f1 48 89 7c 24 50 4c 89 74 24 20 66 0f 1f 44 00
0x00007ff9edb0029f:   00 33 db 39 5e 18 7e 45 33 ff 0f 1f 80 00 00 00
0x00007ff9edb002af:   00 48 8b 56 20 48 03 d7 48 8b 2a 48 85 ed 74 22
0x00007ff9edb002bf:   48 8b 45 18 83 78 0c 08 74 18 49 8b 07 49 8b cf
0x00007ff9edb002cf:   ff 10 48 8b 45 18 83 78 08 02 75 06 ff c3 48 83
0x00007ff9edb002df:   c7 08 ff c3 48 83 c7 08 3b 5e 18 7c c4 33 db 39
0x00007ff9edb002ef:   5e 30 7e 49 33 ff 66 66 66 0f 1f 84 00 00 00 00
0x00007ff9edb002ff:   00 48 8b 56 38 48 03 d7 48 8b 2a 48 85 ed 74 22
0x00007ff9edb0030f:   48 8b 45 18 83 78 0c 08 74 18 49 8b 07 49 8b cf
0x00007ff9edb0031f:   ff 10 48 8b 45 18 83 78 08 02 75 06 ff c3 48 83
0x00007ff9edb0032f:   c7 08 ff c3 48 83 c7 08 3b 5e 30 7c c4 4c 8b 76
0x00007ff9edb0033f:   48 4d 85 f6 74 47 33 db 41 39 1e 7e 40 33 ff 66
0x00007ff9edb0034f:   90 49 8b 56 08 48 03 d7 48 8b 2a 48 85 ed 74 22
0x00007ff9edb0035f:   48 8b 45 18 83 78 0c 08 74 18 49 8b 07 49 8b cf
0x00007ff9edb0036f:   ff 10 48 8b 45 18 83 78 08 02 75 06 ff c3 48 83
0x00007ff9edb0037f:   c7 08 ff c3 48 83 c7 08 41 3b 1e 7c c4 48 8b 76
0x00007ff9edb0038f:   08 48 85 f6 0f 85 07 ff ff ff 4c 8b 74 24 20 48
0x00007ff9edb0039f:   8b 7c 24 50 48 8b 6c 24 48 48 8b 5c 24 40 48 83
0x00007ff9edb003af:   c4 28 41 5f 5e c3 cc cc cc cc cc cc cc cc cc cc 


Stack slot to memory mapping:
stack at sp + 0 slots: 0x000000000000000c is an unknown value
stack at sp + 1 slots: 0x0 is NULL
stack at sp + 2 slots: 0x0000000000000001 is an unknown value
stack at sp + 3 slots: 0x000001ced0e20ed0 points into unknown readable memory: 0x00007ff9ee28e6e0 | e0 e6 28 ee f9 7f 00 00
stack at sp + 4 slots: 0x000001ced558fa60 points into unknown readable memory: 0x00007ff9ee28e6e0 | e0 e6 28 ee f9 7f 00 00
stack at sp + 5 slots: 0x000001cec08b3910 is at code_begin+-112 in 
[CodeBlob (0x000001cec08b3910)]
Framesize: 0
BufferBlob (0x000001cec08b3910) used for C1 temporary CodeBuffer
stack at sp + 6 slots: 0x000000cd42efeca0 is pointing into the stack for thread: 0x000001ced535d7d0
stack at sp + 7 slots: 0x00007ff9edabc70e jvm.dll


---------------  P R O C E S S  ---------------

Threads class SMR info:
_java_thread_list=0x000001ced4f219e0, length=41, elements={
0x000001ced0454260, 0x000001ced0454fe0, 0x000001ced0426ff0, 0x000001ced0479010,
0x000001ced04798d0, 0x000001ced04856a0, 0x000001ced0486f70, 0x000001ced0487870,
0x000001ced04d7720, 0x000001ced065f780, 0x000001ced0c2f610, 0x000001ced0d2a770,
0x000001ced0d4f3e0, 0x000001ced1c56060, 0x000001ced1c5f510, 0x000001ced1ca4220,
0x000001ced1ca2540, 0x000001ced1ca5a30, 0x000001ced1ca33b0, 0x000001ced1ca2ee0,
0x000001ced1ca2070, 0x000001ced1ca3d50, 0x000001ced1ca3880, 0x000001ced1ca4bc0,
0x000001ced1ca5090, 0x000001ced4db2a30, 0x000001ced4db1220, 0x000001ced4db2560,
0x000001ced4daf540, 0x000001ced4daf070, 0x000001ced4dafa10, 0x000001ced4db03b0,
0x000001ced4dafee0, 0x000001ced4db1bc0, 0x000001ced4db0880, 0x000001ced4db2090,
0x000001ced4db0d50, 0x000001ced1ca2a10, 0x000001ced535d7d0, 0x000001ced53acb50,
0x000001ced535b0e0
}

Java Threads: ( => current thread )
  0x000001ced0454260 JavaThread "Reference Handler" daemon [_thread_blocked, id=8240, stack(0x000000cd42300000,0x000000cd42400000)]
  0x000001ced0454fe0 JavaThread "Finalizer" daemon [_thread_blocked, id=1768, stack(0x000000cd42400000,0x000000cd42500000)]
  0x000001ced0426ff0 JavaThread "Signal Dispatcher" daemon [_thread_blocked, id=19320, stack(0x000000cd42500000,0x000000cd42600000)]
  0x000001ced0479010 JavaThread "Attach Listener" daemon [_thread_blocked, id=9120, stack(0x000000cd42600000,0x000000cd42700000)]
  0x000001ced04798d0 JavaThread "Service Thread" daemon [_thread_blocked, id=14520, stack(0x000000cd42700000,0x000000cd42800000)]
  0x000001ced04856a0 JavaThread "Monitor Deflation Thread" daemon [_thread_blocked, id=3104, stack(0x000000cd42800000,0x000000cd42900000)]
  0x000001ced0486f70 JavaThread "C1 CompilerThread0" daemon [_thread_blocked, id=6192, stack(0x000000cd42900000,0x000000cd42a00000)]
  0x000001ced0487870 JavaThread "Sweeper thread" daemon [_thread_blocked, id=6428, stack(0x000000cd42a00000,0x000000cd42b00000)]
  0x000001ced04d7720 JavaThread "Common-Cleaner" daemon [_thread_blocked, id=8168, stack(0x000000cd42b00000,0x000000cd42c00000)]
  0x000001ced065f780 JavaThread "Notification Thread" daemon [_thread_blocked, id=15872, stack(0x000000cd42d00000,0x000000cd42e00000)]
  0x000001ced0c2f610 JavaThread "RMI TCP Accept-0" daemon [_thread_in_native, id=9972, stack(0x000000cd42f00000,0x000000cd43000000)]
  0x000001ced0d2a770 JavaThread "RMI TCP Accept-58348" daemon [_thread_in_native, id=19728, stack(0x000000cd43000000,0x000000cd43100000)]
  0x000001ced0d4f3e0 JavaThread "RMI TCP Accept-0" daemon [_thread_in_native, id=4768, stack(0x000000cd43100000,0x000000cd43200000)]
  0x000001ced1c56060 JavaThread "RMI TCP Connection(1)-127.0.0.1" daemon [_thread_in_native, id=5216, stack(0x000000cd43e00000,0x000000cd43f00000)]
  0x000001ced1c5f510 JavaThread "RMI Scheduler(0)" daemon [_thread_blocked, id=1624, stack(0x000000cd43f00000,0x000000cd44000000)]
  0x000001ced1ca4220 JavaThread "RMI TCP Connection(2)-127.0.0.1" daemon [_thread_in_native, id=2948, stack(0x000000cd44000000,0x000000cd44100000)]
  0x000001ced1ca2540 JavaThread "JMX server connection timeout 25" daemon [_thread_blocked, id=12716, stack(0x000000cd44100000,0x000000cd44200000)]
  0x000001ced1ca5a30 JavaThread "Catalina-utility-1" [_thread_blocked, id=19436, stack(0x000000cd44200000,0x000000cd44300000)]
  0x000001ced1ca33b0 JavaThread "Catalina-utility-2" [_thread_blocked, id=17076, stack(0x000000cd44500000,0x000000cd44600000)]
  0x000001ced1ca2ee0 JavaThread "container-0" [_thread_blocked, id=1896, stack(0x000000cd44600000,0x000000cd44700000)]
  0x000001ced1ca2070 JavaThread "mysql-cj-abandoned-connection-cleanup" daemon [_thread_blocked, id=15728, stack(0x000000cd44700000,0x000000cd44800000)]
  0x000001ced1ca3d50 JavaThread "HikariPool-1 housekeeper" daemon [_thread_blocked, id=17448, stack(0x000000cd44900000,0x000000cd44a00000)]
  0x000001ced1ca3880 JavaThread "File Watcher" daemon [_thread_blocked, id=12436, stack(0x000000cd44b00000,0x000000cd44c00000)]
  0x000001ced1ca4bc0 JavaThread "Live Reload Server" daemon [_thread_in_native, id=2128, stack(0x000000cd44d00000,0x000000cd44e00000)]
  0x000001ced1ca5090 JavaThread "http-nio-8087-exec-1" daemon [_thread_blocked, id=15960, stack(0x000000cd44c00000,0x000000cd44d00000)]
  0x000001ced4db2a30 JavaThread "http-nio-8087-exec-2" daemon [_thread_in_Java, id=16896, stack(0x000000cd44e00000,0x000000cd44f00000)]
  0x000001ced4db1220 JavaThread "http-nio-8087-exec-3" daemon [_thread_blocked, id=12596, stack(0x000000cd44f00000,0x000000cd45000000)]
  0x000001ced4db2560 JavaThread "http-nio-8087-exec-4" daemon [_thread_in_vm, id=16192, stack(0x000000cd45000000,0x000000cd45100000)]
  0x000001ced4daf540 JavaThread "http-nio-8087-exec-5" daemon [_thread_blocked, id=7376, stack(0x000000cd45100000,0x000000cd45200000)]
  0x000001ced4daf070 JavaThread "http-nio-8087-exec-6" daemon [_thread_blocked, id=3800, stack(0x000000cd45200000,0x000000cd45300000)]
  0x000001ced4dafa10 JavaThread "http-nio-8087-exec-7" daemon [_thread_blocked, id=11384, stack(0x000000cd45300000,0x000000cd45400000)]
  0x000001ced4db03b0 JavaThread "http-nio-8087-exec-8" daemon [_thread_blocked, id=10976, stack(0x000000cd45400000,0x000000cd45500000)]
  0x000001ced4dafee0 JavaThread "http-nio-8087-exec-9" daemon [_thread_blocked, id=18748, stack(0x000000cd45500000,0x000000cd45600000)]
  0x000001ced4db1bc0 JavaThread "http-nio-8087-exec-10" daemon [_thread_blocked, id=18240, stack(0x000000cd45600000,0x000000cd45700000)]
  0x000001ced4db0880 JavaThread "http-nio-8087-Poller" daemon [_thread_in_native, id=15372, stack(0x000000cd45700000,0x000000cd45800000)]
  0x000001ced4db2090 JavaThread "http-nio-8087-Acceptor" daemon [_thread_in_native, id=13928, stack(0x000000cd45800000,0x000000cd45900000)]
  0x000001ced4db0d50 JavaThread "DestroyJavaVM" [_thread_blocked, id=16224, stack(0x000000cd41c00000,0x000000cd41d00000)]
  0x000001ced1ca2a10 JavaThread "HikariPool-1 connection adder" daemon [_thread_blocked, id=284, stack(0x000000cd42c00000,0x000000cd42d00000)]
=>0x000001ced535d7d0 JavaThread "C1 CompilerThread1" daemon [_thread_in_native, id=7096, stack(0x000000cd42e00000,0x000000cd42f00000)]
  0x000001ced53acb50 JavaThread "C1 CompilerThread2" daemon [_thread_blocked, id=16008, stack(0x000000cd43c00000,0x000000cd43d00000)]
  0x000001ced535b0e0 JavaThread "C1 CompilerThread3" daemon [_thread_blocked, id=18256, stack(0x000000cd43d00000,0x000000cd43e00000)]

Other Threads:
  0x000001cecf94eb20 VMThread "VM Thread" [stack: 0x000000cd42200000,0x000000cd42300000] [id=14116]
  0x000001cebd150b80 WatcherThread [stack: 0x000000cd43200000,0x000000cd43300000] [id=13288]
  0x000001cebd138c20 GCTaskThread "GC Thread#0" [stack: 0x000000cd41d00000,0x000000cd41e00000] [id=15876]
  0x000001ced1b92b40 GCTaskThread "GC Thread#1" [stack: 0x000000cd43300000,0x000000cd43400000] [id=19852]
  0x000001ced1b92890 GCTaskThread "GC Thread#2" [stack: 0x000000cd43400000,0x000000cd43500000] [id=8516]
  0x000001ced1b92df0 GCTaskThread "GC Thread#3" [stack: 0x000000cd43500000,0x000000cd43600000] [id=11968]
  0x000001ced1b92330 GCTaskThread "GC Thread#4" [stack: 0x000000cd43600000,0x000000cd43700000] [id=16956]
  0x000001ced1b938b0 GCTaskThread "GC Thread#5" [stack: 0x000000cd43700000,0x000000cd43800000] [id=19116]
  0x000001ced1b93350 GCTaskThread "GC Thread#6" [stack: 0x000000cd43800000,0x000000cd43900000] [id=14304]
  0x000001ced1b93600 GCTaskThread "GC Thread#7" [stack: 0x000000cd43900000,0x000000cd43a00000] [id=1416]
  0x000001cebd149640 ConcurrentGCThread "G1 Main Marker" [stack: 0x000000cd41e00000,0x000000cd41f00000] [id=2344]
  0x000001cebd149f60 ConcurrentGCThread "G1 Conc#0" [stack: 0x000000cd41f00000,0x000000cd42000000] [id=11108]
  0x000001ced1b93b60 ConcurrentGCThread "G1 Conc#1" [stack: 0x000000cd44300000,0x000000cd44400000] [id=5416]
  0x000001cebd19d950 ConcurrentGCThread "G1 Refine#0" [stack: 0x000000cd42000000,0x000000cd42100000] [id=18548]
  0x000001ced1c2e130 ConcurrentGCThread "G1 Refine#1" [stack: 0x000000cd43a00000,0x000000cd43b00000] [id=18484]
  0x000001ced1c30930 ConcurrentGCThread "G1 Refine#2" [stack: 0x000000cd43b00000,0x000000cd43c00000] [id=11516]
  0x000001cebd19e280 ConcurrentGCThread "G1 Service" [stack: 0x000000cd42100000,0x000000cd42200000] [id=2432]

Threads with active compile tasks:
C1 CompilerThread1    22700 7410       1       java.util.GregorianCalendar::computeFields (1585 bytes)

VM state: not at safepoint (normal execution)

VM Mutex/Monitor currently owned by a thread: None

Heap address: 0x0000000704200000, size: 4030 MB, Compressed Oops mode: Zero based, Oop shift amount: 3

CDS archive(s) not mapped
Compressed class space mapped at: 0x0000000800000000-0x0000000840000000, reserved size: 1073741824
Narrow klass base: 0x0000000800000000, Narrow klass shift: 0, Narrow klass range: 0x40000000

GC Precious Log:
 CPUs: 8 total, 8 available
 Memory: 16114M
 Large Page Support: Disabled
 NUMA Support: Disabled
 Compressed Oops: Enabled (Zero based)
 Heap Region Size: 2M
 Heap Min Capacity: 8M
 Heap Initial Capacity: 252M
 Heap Max Capacity: 4030M
 Pre-touch: Disabled
 Parallel Workers: 8
 Concurrent Workers: 2
 Concurrent Refinement Workers: 8
 Periodic GC: Disabled

Heap:
 garbage-first heap   total 159744K, used 36405K [0x0000000704200000, 0x0000000800000000)
  region size 2048K, 8 young (16384K), 4 survivors (8192K)
 Metaspace       used 75857K, committed 76480K, reserved 1122304K
  class space    used 10371K, committed 10688K, reserved 1048576K

Heap Regions: E=young(eden), S=young(survivor), O=old, HS=humongous(starts), HC=humongous(continues), CS=collection set, F=free, OA=open archive, CA=closed archive, TAMS=top-at-mark-start (previous, next)
|   0|0x0000000704200000, 0x0000000704400000, 0x0000000704400000|100%| O|  |TAMS 0x0000000704400000, 0x0000000704200000| Untracked 
|   1|0x0000000704400000, 0x0000000704600000, 0x0000000704600000|100%| O|  |TAMS 0x0000000704600000, 0x0000000704400000| Untracked 
|   2|0x0000000704600000, 0x0000000704800000, 0x0000000704800000|100%| O|  |TAMS 0x0000000704800000, 0x0000000704600000| Untracked 
|   3|0x0000000704800000, 0x0000000704a00000, 0x0000000704a00000|100%| O|  |TAMS 0x0000000704a00000, 0x0000000704800000| Untracked 
|   4|0x0000000704a00000, 0x0000000704c00000, 0x0000000704c00000|100%| O|  |TAMS 0x0000000704c00000, 0x0000000704a00000| Untracked 
|   5|0x0000000704c00000, 0x0000000704e00000, 0x0000000704e00000|100%| O|  |TAMS 0x0000000704c00000, 0x0000000704c00000| Untracked 
|   6|0x0000000704e00000, 0x0000000705000000, 0x0000000705000000|100%| O|  |TAMS 0x0000000705000000, 0x0000000704e00000| Untracked 
|   7|0x0000000705000000, 0x0000000705200000, 0x0000000705200000|100%| O|  |TAMS 0x0000000705200000, 0x0000000705000000| Untracked 
|   8|0x0000000705200000, 0x0000000705400000, 0x0000000705400000|100%| O|  |TAMS 0x0000000705400000, 0x0000000705200000| Untracked 
|   9|0x0000000705400000, 0x0000000705400000, 0x0000000705600000|  0%| F|  |TAMS 0x0000000705400000, 0x0000000705400000| Untracked 
|  10|0x0000000705600000, 0x0000000705800000, 0x0000000705800000|100%| O|  |TAMS 0x0000000705600000, 0x0000000705600000| Untracked 
|  11|0x0000000705800000, 0x0000000705a00000, 0x0000000705a00000|100%| O|  |TAMS 0x0000000705800000, 0x0000000705800000| Untracked 
|  12|0x0000000705a00000, 0x0000000705a00000, 0x0000000705c00000|  0%| F|  |TAMS 0x0000000705a00000, 0x0000000705a00000| Untracked 
|  13|0x0000000705c00000, 0x0000000705c00000, 0x0000000705e00000|  0%| F|  |TAMS 0x0000000705c00000, 0x0000000705c00000| Untracked 
|  14|0x0000000705e00000, 0x0000000705e00000, 0x0000000706000000|  0%| F|  |TAMS 0x0000000705e00000, 0x0000000705e00000| Untracked 
|  15|0x0000000706000000, 0x0000000706000000, 0x0000000706200000|  0%| F|  |TAMS 0x0000000706000000, 0x0000000706000000| Untracked 
|  16|0x0000000706200000, 0x0000000706200000, 0x0000000706400000|  0%| F|  |TAMS 0x0000000706200000, 0x0000000706200000| Untracked 
|  17|0x0000000706400000, 0x0000000706400000, 0x0000000706600000|  0%| F|  |TAMS 0x0000000706400000, 0x0000000706400000| Untracked 
|  18|0x0000000706600000, 0x0000000706600000, 0x0000000706800000|  0%| F|  |TAMS 0x0000000706600000, 0x0000000706600000| Untracked 
|  19|0x0000000706800000, 0x0000000706800000, 0x0000000706a00000|  0%| F|  |TAMS 0x0000000706800000, 0x0000000706800000| Untracked 
|  20|0x0000000706a00000, 0x0000000706a00000, 0x0000000706c00000|  0%| F|  |TAMS 0x0000000706a00000, 0x0000000706a00000| Untracked 
|  21|0x0000000706c00000, 0x0000000706c00000, 0x0000000706e00000|  0%| F|  |TAMS 0x0000000706c00000, 0x0000000706c00000| Untracked 
|  22|0x0000000706e00000, 0x0000000706e00000, 0x0000000707000000|  0%| F|  |TAMS 0x0000000706e00000, 0x0000000706e00000| Untracked 
|  23|0x0000000707000000, 0x0000000707000000, 0x0000000707200000|  0%| F|  |TAMS 0x0000000707000000, 0x0000000707000000| Untracked 
|  24|0x0000000707200000, 0x0000000707200000, 0x0000000707400000|  0%| F|  |TAMS 0x0000000707200000, 0x0000000707200000| Untracked 
|  25|0x0000000707400000, 0x0000000707400000, 0x0000000707600000|  0%| F|  |TAMS 0x0000000707400000, 0x0000000707400000| Untracked 
|  26|0x0000000707600000, 0x0000000707600000, 0x0000000707800000|  0%| F|  |TAMS 0x0000000707600000, 0x0000000707600000| Untracked 
|  27|0x0000000707800000, 0x0000000707800000, 0x0000000707a00000|  0%| F|  |TAMS 0x0000000707800000, 0x0000000707800000| Untracked 
|  28|0x0000000707a00000, 0x0000000707a00000, 0x0000000707c00000|  0%| F|  |TAMS 0x0000000707a00000, 0x0000000707a00000| Untracked 
|  29|0x0000000707c00000, 0x0000000707c00000, 0x0000000707e00000|  0%| F|  |TAMS 0x0000000707c00000, 0x0000000707c00000| Untracked 
|  30|0x0000000707e00000, 0x0000000707f8d640, 0x0000000708000000| 77%| S|CS|TAMS 0x0000000707e00000, 0x0000000707e00000| Complete 
|  31|0x0000000708000000, 0x0000000708200000, 0x0000000708200000|100%| S|CS|TAMS 0x0000000708000000, 0x0000000708000000| Complete 
|  32|0x0000000708200000, 0x0000000708400000, 0x0000000708400000|100%| S|CS|TAMS 0x0000000708200000, 0x0000000708200000| Complete 
|  33|0x0000000708400000, 0x0000000708600000, 0x0000000708600000|100%| S|CS|TAMS 0x0000000708400000, 0x0000000708400000| Complete 
|  34|0x0000000708600000, 0x0000000708600000, 0x0000000708800000|  0%| F|  |TAMS 0x0000000708600000, 0x0000000708600000| Untracked 
|  35|0x0000000708800000, 0x0000000708800000, 0x0000000708a00000|  0%| F|  |TAMS 0x0000000708800000, 0x0000000708800000| Untracked 
|  36|0x0000000708a00000, 0x0000000708a00000, 0x0000000708c00000|  0%| F|  |TAMS 0x0000000708a00000, 0x0000000708a00000| Untracked 
|  37|0x0000000708c00000, 0x0000000708c00000, 0x0000000708e00000|  0%| F|  |TAMS 0x0000000708c00000, 0x0000000708c00000| Untracked 
|  38|0x0000000708e00000, 0x0000000708e00000, 0x0000000709000000|  0%| F|  |TAMS 0x0000000708e00000, 0x0000000708e00000| Untracked 
|  39|0x0000000709000000, 0x0000000709000000, 0x0000000709200000|  0%| F|  |TAMS 0x0000000709000000, 0x0000000709000000| Untracked 
|  40|0x0000000709200000, 0x0000000709200000, 0x0000000709400000|  0%| F|  |TAMS 0x0000000709200000, 0x0000000709200000| Untracked 
|  41|0x0000000709400000, 0x0000000709400000, 0x0000000709600000|  0%| F|  |TAMS 0x0000000709400000, 0x0000000709400000| Untracked 
|  42|0x0000000709600000, 0x0000000709600000, 0x0000000709800000|  0%| F|  |TAMS 0x0000000709600000, 0x0000000709600000| Untracked 
|  43|0x0000000709800000, 0x0000000709800000, 0x0000000709a00000|  0%| F|  |TAMS 0x0000000709800000, 0x0000000709800000| Untracked 
|  44|0x0000000709a00000, 0x0000000709a00000, 0x0000000709c00000|  0%| F|  |TAMS 0x0000000709a00000, 0x0000000709a00000| Untracked 
|  45|0x0000000709c00000, 0x0000000709c00000, 0x0000000709e00000|  0%| F|  |TAMS 0x0000000709c00000, 0x0000000709c00000| Untracked 
|  46|0x0000000709e00000, 0x0000000709e00000, 0x000000070a000000|  0%| F|  |TAMS 0x0000000709e00000, 0x0000000709e00000| Untracked 
|  47|0x000000070a000000, 0x000000070a000000, 0x000000070a200000|  0%| F|  |TAMS 0x000000070a000000, 0x000000070a000000| Untracked 
|  48|0x000000070a200000, 0x000000070a200000, 0x000000070a400000|  0%| F|  |TAMS 0x000000070a200000, 0x000000070a200000| Untracked 
|  49|0x000000070a400000, 0x000000070a400000, 0x000000070a600000|  0%| F|  |TAMS 0x000000070a400000, 0x000000070a400000| Untracked 
|  50|0x000000070a600000, 0x000000070a600000, 0x000000070a800000|  0%| F|  |TAMS 0x000000070a600000, 0x000000070a600000| Untracked 
|  51|0x000000070a800000, 0x000000070a800000, 0x000000070aa00000|  0%| F|  |TAMS 0x000000070a800000, 0x000000070a800000| Untracked 
|  52|0x000000070aa00000, 0x000000070aa00000, 0x000000070ac00000|  0%| F|  |TAMS 0x000000070aa00000, 0x000000070aa00000| Untracked 
|  53|0x000000070ac00000, 0x000000070ac00000, 0x000000070ae00000|  0%| F|  |TAMS 0x000000070ac00000, 0x000000070ac00000| Untracked 
|  54|0x000000070ae00000, 0x000000070ae00000, 0x000000070b000000|  0%| F|  |TAMS 0x000000070ae00000, 0x000000070ae00000| Untracked 
|  55|0x000000070b000000, 0x000000070b000000, 0x000000070b200000|  0%| F|  |TAMS 0x000000070b000000, 0x000000070b000000| Untracked 
|  56|0x000000070b200000, 0x000000070b200000, 0x000000070b400000|  0%| F|  |TAMS 0x000000070b200000, 0x000000070b200000| Untracked 
|  57|0x000000070b400000, 0x000000070b400000, 0x000000070b600000|  0%| F|  |TAMS 0x000000070b400000, 0x000000070b400000| Untracked 
|  58|0x000000070b600000, 0x000000070b600000, 0x000000070b800000|  0%| F|  |TAMS 0x000000070b600000, 0x000000070b600000| Untracked 
|  59|0x000000070b800000, 0x000000070b800000, 0x000000070ba00000|  0%| F|  |TAMS 0x000000070b800000, 0x000000070b800000| Untracked 
|  60|0x000000070ba00000, 0x000000070ba00000, 0x000000070bc00000|  0%| F|  |TAMS 0x000000070ba00000, 0x000000070ba00000| Untracked 
|  61|0x000000070bc00000, 0x000000070bc00000, 0x000000070be00000|  0%| F|  |TAMS 0x000000070bc00000, 0x000000070bc00000| Untracked 
|  62|0x000000070be00000, 0x000000070be00000, 0x000000070c000000|  0%| F|  |TAMS 0x000000070be00000, 0x000000070be00000| Untracked 
|  63|0x000000070c000000, 0x000000070c000000, 0x000000070c200000|  0%| F|  |TAMS 0x000000070c000000, 0x000000070c000000| Untracked 
|  64|0x000000070c200000, 0x000000070c200000, 0x000000070c400000|  0%| F|  |TAMS 0x000000070c200000, 0x000000070c200000| Untracked 
|  65|0x000000070c400000, 0x000000070c400000, 0x000000070c600000|  0%| F|  |TAMS 0x000000070c400000, 0x000000070c400000| Untracked 
|  66|0x000000070c600000, 0x000000070c600000, 0x000000070c800000|  0%| F|  |TAMS 0x000000070c600000, 0x000000070c600000| Untracked 
|  67|0x000000070c800000, 0x000000070c800000, 0x000000070ca00000|  0%| F|  |TAMS 0x000000070c800000, 0x000000070c800000| Untracked 
|  68|0x000000070ca00000, 0x000000070ca00000, 0x000000070cc00000|  0%| F|  |TAMS 0x000000070ca00000, 0x000000070ca00000| Untracked 
|  69|0x000000070cc00000, 0x000000070cc00000, 0x000000070ce00000|  0%| F|  |TAMS 0x000000070cc00000, 0x000000070cc00000| Untracked 
|  70|0x000000070ce00000, 0x000000070ce00000, 0x000000070d000000|  0%| F|  |TAMS 0x000000070ce00000, 0x000000070ce00000| Untracked 
|  71|0x000000070d000000, 0x000000070d000000, 0x000000070d200000|  0%| F|  |TAMS 0x000000070d000000, 0x000000070d000000| Untracked 
|  72|0x000000070d200000, 0x000000070d200000, 0x000000070d400000|  0%| F|  |TAMS 0x000000070d200000, 0x000000070d200000| Untracked 
|  73|0x000000070d400000, 0x000000070d400000, 0x000000070d600000|  0%| F|  |TAMS 0x000000070d400000, 0x000000070d400000| Untracked 
|  74|0x000000070d600000, 0x000000070d773de8, 0x000000070d800000| 72%| E|  |TAMS 0x000000070d600000, 0x000000070d600000| Complete 
|  75|0x000000070d800000, 0x000000070da00000, 0x000000070da00000|100%| E|CS|TAMS 0x000000070d800000, 0x000000070d800000| Complete 
|  76|0x000000070da00000, 0x000000070dc00000, 0x000000070dc00000|100%| E|CS|TAMS 0x000000070da00000, 0x000000070da00000| Complete 
| 125|0x0000000713c00000, 0x0000000713e00000, 0x0000000713e00000|100%| E|CS|TAMS 0x0000000713c00000, 0x0000000713c00000| Complete 

Card table byte_map: [0x000001cec4080000,0x000001cec4860000] _byte_map_base: 0x000001cec085f000

Marking Bits (Prev, Next): (CMBitMap*) 0x000001cebd139180, (CMBitMap*) 0x000001cebd139140
 Prev Bits: [0x000001cec8f40000, 0x000001cecce38000)
 Next Bits: [0x000001cec5040000, 0x000001cec8f38000)

Polling page: 0x000001cebb020000

Metaspace:

Usage:
  Non-class:     63.95 MB used.
      Class:     10.13 MB used.
       Both:     74.08 MB used.

Virtual space:
  Non-class space:       72.00 MB reserved,      64.25 MB ( 89%) committed,  9 nodes.
      Class space:        1.00 GB reserved,      10.44 MB (  1%) committed,  1 nodes.
             Both:        1.07 GB reserved,      74.69 MB (  7%) committed. 

Chunk freelists:
   Non-Class:  3.03 MB
       Class:  1.53 MB
        Both:  4.56 MB

MaxMetaspaceSize: unlimited
CompressedClassSpaceSize: 1.00 GB
Initial GC threshold: 21.00 MB
Current GC threshold: 98.56 MB
CDS: off
MetaspaceReclaimPolicy: balanced
 - commit_granule_bytes: 65536.
 - commit_granule_words: 8192.
 - virtual_space_node_default_size: 1048576.
 - enlarge_chunks_in_place: 1.
 - new_chunks_are_fully_committed: 0.
 - uncommit_free_chunks: 1.
 - use_allocation_guard: 0.
 - handle_deallocations: 1.


Internal statistics:

num_allocs_failed_limit: 9.
num_arena_births: 828.
num_arena_deaths: 0.
num_vsnodes_births: 10.
num_vsnodes_deaths: 0.
num_space_committed: 1195.
num_space_uncommitted: 0.
num_chunks_returned_to_freelist: 9.
num_chunks_taken_from_freelist: 3230.
num_chunk_merges: 9.
num_chunk_splits: 2314.
num_chunks_enlarged: 1764.
num_purges: 0.
num_inconsistent_stats: 0.

CodeCache: size=49152Kb used=15062Kb max_used=15062Kb free=34090Kb
 bounds [0x000001cec0790000, 0x000001cec1650000, 0x000001cec3790000]
 total_blobs=8345 nmethods=7647 adapters=621
 compilation: enabled
              stopped_count=0, restarted_count=0
 full_count=0

Compilation events (20 events):
Event: 22.604 Thread 0x000001ced53acb50 7421       1       com.mysql.cj.util.StringUtils::regionMatchesIgnoreCase (13 bytes)
Event: 22.604 Thread 0x000001ced53acb50 nmethod 7421 0x000001cec15c6510 code [0x000001cec15c66a0, 0x000001cec15c67a8]
Event: 22.604 Thread 0x000001ced53acb50 7422       1       sun.util.calendar.ZoneInfo::getOffsets (8 bytes)
Event: 22.604 Thread 0x000001ced535b0e0 nmethod 7414 0x000001cec15c6890 code [0x000001cec15c6a60, 0x000001cec15c7158]
Event: 22.604 Thread 0x000001ced535b0e0 7423       1       sun.util.calendar.BaseCalendar$Date::hit (24 bytes)
Event: 22.605 Thread 0x000001ced53acb50 nmethod 7422 0x000001cec15c7610 code [0x000001cec15c77a0, 0x000001cec15c7888]
Event: 22.605 Thread 0x000001ced53acb50 7424       1       sun.util.calendar.BaseCalendar::getDayOfWeekFromFixedDate (26 bytes)
Event: 22.605 Thread 0x000001ced535b0e0 nmethod 7423 0x000001cec15c7910 code [0x000001cec15c7aa0, 0x000001cec15c7b98]
Event: 22.605 Thread 0x000001ced535b0e0 7425       1       org.hibernate.resource.jdbc.internal.ResourceRegistryStandardImpl::closeAll (19 bytes)
Event: 22.605 Thread 0x000001ced53acb50 nmethod 7424 0x000001cec15c7c10 code [0x000001cec15c7da0, 0x000001cec15c7f98]
Event: 22.605 Thread 0x000001ced535b0e0 nmethod 7425 0x000001cec15c8090 code [0x000001cec15c8240, 0x000001cec15c8378]
Event: 22.605 Thread 0x000001ced535b0e0 7426       1       org.hibernate.sql.results.graph.entity.internal.EntityFetchJoinedImpl::lambda$getEntityInitializer$0 (53 bytes)
Event: 22.605 Thread 0x000001ced53acb50 7427       1       java.util.concurrent.CopyOnWriteArrayList::addIfAbsent (31 bytes)
Event: 22.606 Thread 0x000001ced53acb50 nmethod 7427 0x000001cec15c8410 code [0x000001cec15c85c0, 0x000001cec15c8718]
Event: 22.606 Thread 0x000001ced53acb50 7428   !   1       java.util.concurrent.CopyOnWriteArrayList::addIfAbsent (128 bytes)
Event: 22.606 Thread 0x000001ced535b0e0 nmethod 7426 0x000001cec15c8810 code [0x000001cec15c89c0, 0x000001cec15c8d38]
Event: 22.606 Thread 0x000001ced535b0e0 7429       1       com.example.MovieService.entity.Seats::getSeatId (5 bytes)
Event: 22.606 Thread 0x000001ced535b0e0 nmethod 7429 0x000001cec15c8f10 code [0x000001cec15c90a0, 0x000001cec15c9178]
Event: 22.606 Thread 0x000001ced535b0e0 7430       1       com.example.MovieService.entity.Seats::getSeatNumber (5 bytes)
Event: 22.606 Thread 0x000001ced535b0e0 nmethod 7430 0x000001cec15c9210 code [0x000001cec15c93a0, 0x000001cec15c9478]

GC Heap History (20 events):
Event: 3.261 GC heap before
{Heap before GC invocations=7 (full 0):
 garbage-first heap   total 149504K, used 68421K [0x0000000704200000, 0x0000000800000000)
  region size 2048K, 30 young (61440K), 1 survivors (2048K)
 Metaspace       used 35676K, committed 36096K, reserved 1081344K
  class space    used 4587K, committed 4800K, reserved 1048576K
}
Event: 3.266 GC heap after
{Heap after GC invocations=8 (full 0):
 garbage-first heap   total 149504K, used 15375K [0x0000000704200000, 0x0000000800000000)
  region size 2048K, 3 young (6144K), 3 survivors (6144K)
 Metaspace       used 35676K, committed 36096K, reserved 1081344K
  class space    used 4587K, committed 4800K, reserved 1048576K
}
Event: 3.747 GC heap before
{Heap before GC invocations=9 (full 0):
 garbage-first heap   total 61440K, used 46095K [0x0000000704200000, 0x0000000800000000)
  region size 2048K, 18 young (36864K), 3 survivors (6144K)
 Metaspace       used 39813K, committed 40320K, reserved 1089536K
  class space    used 5167K, committed 5440K, reserved 1048576K
}
Event: 3.752 GC heap after
{Heap after GC invocations=10 (full 0):
 garbage-first heap   total 61440K, used 18201K [0x0000000704200000, 0x0000000800000000)
  region size 2048K, 2 young (4096K), 2 survivors (4096K)
 Metaspace       used 39813K, committed 40320K, reserved 1089536K
  class space    used 5167K, committed 5440K, reserved 1048576K
}
Event: 3.795 GC heap before
{Heap before GC invocations=10 (full 0):
 garbage-first heap   total 61440K, used 20249K [0x0000000704200000, 0x0000000800000000)
  region size 2048K, 3 young (6144K), 2 survivors (4096K)
 Metaspace       used 40371K, committed 40832K, reserved 1089536K
  class space    used 5225K, committed 5440K, reserved 1048576K
}
Event: 3.799 GC heap after
{Heap after GC invocations=11 (full 0):
 garbage-first heap   total 61440K, used 18765K [0x0000000704200000, 0x0000000800000000)
  region size 2048K, 1 young (2048K), 1 survivors (2048K)
 Metaspace       used 40371K, committed 40832K, reserved 1089536K
  class space    used 5225K, committed 5440K, reserved 1048576K
}
Event: 4.283 GC heap before
{Heap before GC invocations=11 (full 0):
 garbage-first heap   total 61440K, used 41293K [0x0000000704200000, 0x0000000800000000)
  region size 2048K, 13 young (26624K), 1 survivors (2048K)
 Metaspace       used 46828K, committed 47296K, reserved 1097728K
  class space    used 6134K, committed 6336K, reserved 1048576K
}
Event: 4.285 GC heap after
{Heap after GC invocations=12 (full 0):
 garbage-first heap   total 61440K, used 19764K [0x0000000704200000, 0x0000000800000000)
  region size 2048K, 1 young (2048K), 1 survivors (2048K)
 Metaspace       used 46828K, committed 47296K, reserved 1097728K
  class space    used 6134K, committed 6336K, reserved 1048576K
}
Event: 4.763 GC heap before
{Heap before GC invocations=12 (full 0):
 garbage-first heap   total 61440K, used 44340K [0x0000000704200000, 0x0000000800000000)
  region size 2048K, 14 young (28672K), 1 survivors (2048K)
 Metaspace       used 54904K, committed 55360K, reserved 1097728K
  class space    used 7203K, committed 7424K, reserved 1048576K
}
Event: 4.766 GC heap after
{Heap after GC invocations=13 (full 0):
 garbage-first heap   total 61440K, used 21794K [0x0000000704200000, 0x0000000800000000)
  region size 2048K, 2 young (4096K), 2 survivors (4096K)
 Metaspace       used 54904K, committed 55360K, reserved 1097728K
  class space    used 7203K, committed 7424K, reserved 1048576K
}
Event: 5.143 GC heap before
{Heap before GC invocations=13 (full 0):
 garbage-first heap   total 61440K, used 44322K [0x0000000704200000, 0x0000000800000000)
  region size 2048K, 14 young (28672K), 2 survivors (4096K)
 Metaspace       used 59850K, committed 60288K, reserved 1105920K
  class space    used 7936K, committed 8128K, reserved 1048576K
}
Event: 5.147 GC heap after
{Heap after GC invocations=14 (full 0):
 garbage-first heap   total 61440K, used 22981K [0x0000000704200000, 0x0000000800000000)
  region size 2048K, 2 young (4096K), 2 survivors (4096K)
 Metaspace       used 59850K, committed 60288K, reserved 1105920K
  class space    used 7936K, committed 8128K, reserved 1048576K
}
Event: 5.549 GC heap before
{Heap before GC invocations=15 (full 0):
 garbage-first heap   total 61440K, used 45509K [0x0000000704200000, 0x0000000800000000)
  region size 2048K, 13 young (26624K), 2 survivors (4096K)
 Metaspace       used 63054K, committed 63488K, reserved 1105920K
  class space    used 8568K, committed 8768K, reserved 1048576K
}
Event: 5.552 GC heap after
{Heap after GC invocations=16 (full 0):
 garbage-first heap   total 61440K, used 23928K [0x0000000704200000, 0x0000000800000000)
  region size 2048K, 2 young (4096K), 2 survivors (4096K)
 Metaspace       used 63054K, committed 63488K, reserved 1105920K
  class space    used 8568K, committed 8768K, reserved 1048576K
}
Event: 5.590 GC heap before
{Heap before GC invocations=16 (full 0):
 garbage-first heap   total 61440K, used 25976K [0x0000000704200000, 0x0000000800000000)
  region size 2048K, 3 young (6144K), 2 survivors (4096K)
 Metaspace       used 63601K, committed 64064K, reserved 1105920K
  class space    used 8651K, committed 8896K, reserved 1048576K
}
Event: 5.593 GC heap after
{Heap after GC invocations=17 (full 0):
 garbage-first heap   total 61440K, used 23540K [0x0000000704200000, 0x0000000800000000)
  region size 2048K, 1 young (2048K), 1 survivors (2048K)
 Metaspace       used 63601K, committed 64064K, reserved 1105920K
  class space    used 8651K, committed 8896K, reserved 1048576K
}
Event: 6.030 GC heap before
{Heap before GC invocations=17 (full 0):
 garbage-first heap   total 61440K, used 46068K [0x0000000704200000, 0x0000000800000000)
  region size 2048K, 13 young (26624K), 1 survivors (2048K)
 Metaspace       used 67435K, committed 67968K, reserved 1114112K
  class space    used 9197K, committed 9472K, reserved 1048576K
}
Event: 6.033 GC heap after
{Heap after GC invocations=18 (full 0):
 garbage-first heap   total 159744K, used 25238K [0x0000000704200000, 0x0000000800000000)
  region size 2048K, 2 young (4096K), 2 survivors (4096K)
 Metaspace       used 67435K, committed 67968K, reserved 1114112K
  class space    used 9197K, committed 9472K, reserved 1048576K
}
Event: 22.425 GC heap before
{Heap before GC invocations=18 (full 0):
 garbage-first heap   total 159744K, used 113302K [0x0000000704200000, 0x0000000800000000)
  region size 2048K, 46 young (94208K), 2 survivors (4096K)
 Metaspace       used 75825K, committed 76416K, reserved 1122304K
  class space    used 10366K, committed 10688K, reserved 1048576K
}
Event: 22.434 GC heap after
{Heap after GC invocations=19 (full 0):
 garbage-first heap   total 159744K, used 30261K [0x0000000704200000, 0x0000000800000000)
  region size 2048K, 4 young (8192K), 4 survivors (8192K)
 Metaspace       used 75825K, committed 76416K, reserved 1122304K
  class space    used 10366K, committed 10688K, reserved 1048576K
}

Deoptimization events (12 events):
Event: 1.743 Thread 0x000001ced1c59ca0 DEOPT PACKING pc=0x000001cec0ca7f79 sp=0x000000cd43dfcca0
Event: 1.743 Thread 0x000001ced1c59ca0 DEOPT UNPACKING pc=0x000001cec07e2b43 sp=0x000000cd43dfc180 mode 3
Event: 3.656 Thread 0x000001ced1c59ca0 DEOPT PACKING pc=0x000001cec0fd8b25 sp=0x000000cd43dfbfe0
Event: 3.656 Thread 0x000001ced1c59ca0 DEOPT UNPACKING pc=0x000001cec07e2b43 sp=0x000000cd43dfb548 mode 3
Event: 5.954 Thread 0x000001ced1c59ca0 DEOPT PACKING pc=0x000001cec0cce1d4 sp=0x000000cd43dfbf10
Event: 5.954 Thread 0x000001ced1c59ca0 DEOPT UNPACKING pc=0x000001cec07e2b43 sp=0x000000cd43dfb468 mode 0
Event: 6.584 Thread 0x000001ced1c59ca0 DEOPT PACKING pc=0x000001cec0da6b52 sp=0x000000cd43dfd770
Event: 6.584 Thread 0x000001ced1c59ca0 DEOPT UNPACKING pc=0x000001cec07e2b43 sp=0x000000cd43dfcc78 mode 3
Event: 6.585 Thread 0x000001ced1c59ca0 DEOPT PACKING pc=0x000001cec0d916d5 sp=0x000000cd43dfd730
Event: 6.585 Thread 0x000001ced1c59ca0 DEOPT UNPACKING pc=0x000001cec07e2b43 sp=0x000000cd43dfcc78 mode 3
Event: 22.375 Thread 0x000001ced1ca5090 DEOPT PACKING pc=0x000001cec14a569b sp=0x000000cd44cfca60
Event: 22.375 Thread 0x000001ced1ca5090 DEOPT UNPACKING pc=0x000001cec07e2b43 sp=0x000000cd44cfbf88 mode 3

Classes unloaded (0 events):
No events

Classes redefined (0 events):
No events

Internal exceptions (20 events):
Event: 6.191 Thread 0x000001ced1c59ca0 Exception <a 'java/lang/reflect/InvocationTargetException'{0x000000070cf88e60}> (0x000000070cf88e60) 
thrown [s\src\hotspot\share\runtime\reflection.cpp, line 1121]
Event: 6.212 Thread 0x000001ced1c59ca0 Exception <a 'java/lang/reflect/InvocationTargetException'{0x000000070cbec6f8}> (0x000000070cbec6f8) 
thrown [s\src\hotspot\share\runtime\reflection.cpp, line 1121]
Event: 6.235 Thread 0x000001ced1c59ca0 Exception <a 'java/lang/reflect/InvocationTargetException'{0x000000070c468660}> (0x000000070c468660) 
thrown [s\src\hotspot\share\runtime\reflection.cpp, line 1121]
Event: 6.237 Thread 0x000001ced1c59ca0 Exception <a 'java/lang/reflect/InvocationTargetException'{0x000000070c4767a8}> (0x000000070c4767a8) 
thrown [s\src\hotspot\share\runtime\reflection.cpp, line 1121]
Event: 6.261 Thread 0x000001ced1c59ca0 Exception <a 'java/lang/reflect/InvocationTargetException'{0x000000070c114c50}> (0x000000070c114c50) 
thrown [s\src\hotspot\share\runtime\reflection.cpp, line 1121]
Event: 6.264 Thread 0x000001ced1c59ca0 Exception <a 'java/lang/reflect/InvocationTargetException'{0x000000070c131008}> (0x000000070c131008) 
thrown [s\src\hotspot\share\runtime\reflection.cpp, line 1121]
Event: 6.309 Thread 0x000001ced1c59ca0 Exception <a 'java/lang/reflect/InvocationTargetException'{0x000000070b60f650}> (0x000000070b60f650) 
thrown [s\src\hotspot\share\runtime\reflection.cpp, line 1121]
Event: 6.327 Thread 0x000001ced1c59ca0 Exception <a 'java/lang/NoSuchMethodError'{0x000000070b6f8f00}: 'java.lang.Object java.lang.invoke.DirectMethodHandle$Holder.invokeInterface(java.lang.Object, java.lang.Object, java.lang.Object, java.lang.Object)'> (0x000000070b6f8f00) 
thrown [s\src\hotspot\share\interpreter\linkResolver.cpp, line 759]
Event: 6.475 Thread 0x000001ced1c59ca0 Exception <a 'java/lang/NoSuchMethodError'{0x000000070af92650}: 'void java.lang.invoke.DirectMethodHandle$Holder.invokeVirtual(java.lang.Object, java.lang.Object, int)'> (0x000000070af92650) 
thrown [s\src\hotspot\share\interpreter\linkResolver.cpp, line 759]
Event: 6.476 Thread 0x000001ced1c59ca0 Exception <a 'java/lang/NoSuchMethodError'{0x000000070afad000}: 'void java.lang.invoke.DirectMethodHandle$Holder.invokeVirtual(java.lang.Object, java.lang.Object, long)'> (0x000000070afad000) 
thrown [s\src\hotspot\share\interpreter\linkResolver.cpp, line 759]
Event: 6.586 Thread 0x000001ced1ca4220 Exception <a 'java/lang/reflect/InvocationTargetException'{0x000000070a6010f8}> (0x000000070a6010f8) 
thrown [s\src\hotspot\share\runtime\reflection.cpp, line 1121]
Event: 6.592 Thread 0x000001ced1c59ca0 Exception <a 'java/lang/IncompatibleClassChangeError'{0x000000070a9fcea8}: Found class java.lang.Object, but interface was expected> (0x000000070a9fcea8) 
thrown [s\src\hotspot\share\interpreter\linkResolver.cpp, line 826]
Event: 6.741 Thread 0x000001ced1c59ca0 Exception <a 'java/lang/NoSuchMethodError'{0x0000000709e643d0}: 'java.lang.Object java.lang.invoke.DirectMethodHandle$Holder.newInvokeSpecial(java.lang.Object, java.lang.Object, int, java.lang.Object, java.lang.Object)'> (0x0000000709e643d0) 
thrown [s\src\hotspot\share\interpreter\linkResolver.cpp, line 759]
Event: 6.742 Thread 0x000001ced1c59ca0 Exception <a 'java/lang/NoSuchMethodError'{0x0000000709e6f760}: 'java.lang.Object java.lang.invoke.DirectMethodHandle$Holder.invokeSpecial(java.lang.Object, java.lang.Object, int, java.lang.Object, int, java.lang.Object)'> (0x0000000709e6f760) 
thrown [s\src\hotspot\share\interpreter\linkResolver.cpp, line 759]
Event: 6.742 Thread 0x000001ced1c59ca0 Exception <a 'java/lang/NoSuchMethodError'{0x0000000709e77780}: 'java.lang.Object java.lang.invoke.DirectMethodHandle$Holder.newInvokeSpecial(java.lang.Object, java.lang.Object, int, java.lang.Object, int)'> (0x0000000709e77780) 
thrown [s\src\hotspot\share\interpreter\linkResolver.cpp, line 759]
Event: 6.742 Thread 0x000001ced1c59ca0 Exception <a 'java/lang/NoSuchMethodError'{0x0000000709e7b880}: 'java.lang.Object java.lang.invoke.DirectMethodHandle$Holder.invokeSpecial(java.lang.Object, java.lang.Object, java.lang.Object, int, java.lang.Object, int)'> (0x0000000709e7b880) 
thrown [s\src\hotspot\share\interpreter\linkResolver.cpp, line 759]
Event: 22.046 Thread 0x000001ced4db2a30 Exception <a 'java/lang/NoSuchMethodError'{0x000000070966bcb0}: 'java.lang.Object java.lang.invoke.DirectMethodHandle$Holder.invokeSpecial(java.lang.Object, java.lang.Object, java.lang.Object, java.lang.Object, java.lang.Object, long)'> (0x000000070966bcb0) 
thrown [s\src\hotspot\share\interpreter\linkResolver.cpp, line 759]
Event: 22.046 Thread 0x000001ced4db2a30 Exception <a 'java/lang/NoSuchMethodError'{0x000000070966f6f0}: 'java.lang.Object java.lang.invoke.Invokers$Holder.linkToTargetMethod(java.lang.Object, java.lang.Object, java.lang.Object, long, java.lang.Object)'> (0x000000070966f6f0) 
thrown [s\src\hotspot\share\interpreter\linkResolver.cpp, line 759]
Event: 22.225 Thread 0x000001ced1ca5090 Exception <a 'java/lang/IncompatibleClassChangeError'{0x0000000708f50400}: Found class java.lang.Object, but interface was expected> (0x0000000708f50400) 
thrown [s\src\hotspot\share\interpreter\linkResolver.cpp, line 826]
Event: 22.225 Thread 0x000001ced4db2a30 Exception <a 'java/lang/IncompatibleClassChangeError'{0x0000000708f9d1f8}: Found class java.lang.Object, but interface was expected> (0x0000000708f9d1f8) 
thrown [s\src\hotspot\share\interpreter\linkResolver.cpp, line 826]

VM Operations (20 events):
Event: 6.629 Executing VM operation: ICBufferFull
Event: 6.629 Executing VM operation: ICBufferFull done
Event: 6.774 Executing VM operation: HandshakeAllThreads
Event: 6.774 Executing VM operation: HandshakeAllThreads done
Event: 7.788 Executing VM operation: Cleanup
Event: 7.788 Executing VM operation: Cleanup done
Event: 22.056 Executing VM operation: HandshakeAllThreads
Event: 22.056 Executing VM operation: HandshakeAllThreads done
Event: 22.062 Executing VM operation: HandshakeAllThreads
Event: 22.062 Executing VM operation: HandshakeAllThreads done
Event: 22.125 Executing VM operation: HandshakeAllThreads
Event: 22.125 Executing VM operation: HandshakeAllThreads done
Event: 22.125 Executing VM operation: Cleanup
Event: 22.125 Executing VM operation: Cleanup done
Event: 22.262 Executing VM operation: HandshakeAllThreads
Event: 22.262 Executing VM operation: HandshakeAllThreads done
Event: 22.296 Executing VM operation: HandshakeAllThreads
Event: 22.296 Executing VM operation: HandshakeAllThreads done
Event: 22.425 Executing VM operation: G1CollectForAllocation
Event: 22.434 Executing VM operation: G1CollectForAllocation done

Events (20 events):
Event: 22.070 loading class java/util/concurrent/locks/ReentrantReadWriteLock$Sync$HoldCounter
Event: 22.070 loading class java/util/concurrent/locks/ReentrantReadWriteLock$Sync$HoldCounter done
Event: 22.110 loading class java/time/format/DateTimeFormatterBuilder$ZoneTextPrinterParser
Event: 22.111 loading class java/time/format/DateTimeFormatterBuilder$ZoneTextPrinterParser done
Event: 22.111 loading class java/time/format/DateTimeFormatterBuilder$ReducedPrinterParser
Event: 22.111 loading class java/time/format/DateTimeFormatterBuilder$ReducedPrinterParser done
Event: 22.134 Thread 0x000001ced1ca2a10 Thread added: 0x000001ced1ca2a10
Event: 22.292 loading class java/util/stream/LongStream
Event: 22.292 loading class java/util/stream/LongStream done
Event: 22.292 loading class java/util/stream/DoubleStream
Event: 22.292 loading class java/util/stream/DoubleStream done
Event: 22.307 loading class org/w3c/dom/Node
Event: 22.307 loading class org/w3c/dom/Node done
Event: 22.307 loading class org/w3c/dom/Document
Event: 22.307 loading class org/w3c/dom/Document done
Event: 22.324 Thread 0x000001ced535d7d0 Thread added: 0x000001ced535d7d0
Event: 22.344 loading class jdk/internal/reflect/UnsafeDoubleFieldAccessorImpl
Event: 22.344 loading class jdk/internal/reflect/UnsafeDoubleFieldAccessorImpl done
Event: 22.347 Thread 0x000001ced53acb50 Thread added: 0x000001ced53acb50
Event: 22.348 Thread 0x000001ced535b0e0 Thread added: 0x000001ced535b0e0


Dynamic libraries:
0x00007ff7c9760000 - 0x00007ff7c976e000 	C:\Users\kvarshitha\Downloads\sts-4.16.1.RELEASE\plugins\org.eclipse.justj.openjdk.hotspot.jre.full.win32.x86_64_17.0.4.v20221004-1257\jre\bin\javaw.exe
0x00007ffa88ff0000 - 0x00007ffa891e8000 	C:\Windows\SYSTEM32\ntdll.dll
0x00007ffa88b40000 - 0x00007ffa88bff000 	C:\Windows\System32\KERNEL32.DLL
0x00007ffa86cb0000 - 0x00007ffa86f82000 	C:\Windows\System32\KERNELBASE.dll
0x00007ffa868e0000 - 0x00007ffa869e0000 	C:\Windows\System32\ucrtbase.dll
0x00007ffa7b580000 - 0x00007ffa7b598000 	C:\Users\kvarshitha\Downloads\sts-4.16.1.RELEASE\plugins\org.eclipse.justj.openjdk.hotspot.jre.full.win32.x86_64_17.0.4.v20221004-1257\jre\bin\jli.dll
0x00007ffa68c50000 - 0x00007ffa68c69000 	C:\Users\kvarshitha\Downloads\sts-4.16.1.RELEASE\plugins\org.eclipse.justj.openjdk.hotspot.jre.full.win32.x86_64_17.0.4.v20221004-1257\jre\bin\VCRUNTIME140.dll
0x00007ffa88640000 - 0x00007ffa887e1000 	C:\Windows\System32\USER32.dll
0x00007ffa869e0000 - 0x00007ffa86a02000 	C:\Windows\System32\win32u.dll
0x00007ffa88a90000 - 0x00007ffa88abb000 	C:\Windows\System32\GDI32.dll
0x00007ffa86710000 - 0x00007ffa8681f000 	C:\Windows\System32\gdi32full.dll
0x00007ffa86f90000 - 0x00007ffa8702d000 	C:\Windows\System32\msvcp_win.dll
0x00007ffa70850000 - 0x00007ffa70aea000 	C:\Windows\WinSxS\amd64_microsoft.windows.common-controls_6595b64144ccf1df_6.0.19041.1110_none_60b5254171f9507e\COMCTL32.dll
0x00007ffa870f0000 - 0x00007ffa8718e000 	C:\Windows\System32\msvcrt.dll
0x00007ffa87e50000 - 0x00007ffa87e82000 	C:\Windows\System32\IMM32.DLL
0x00007ffa68c40000 - 0x00007ffa68c4c000 	C:\Users\kvarshitha\Downloads\sts-4.16.1.RELEASE\plugins\org.eclipse.justj.openjdk.hotspot.jre.full.win32.x86_64_17.0.4.v20221004-1257\jre\bin\vcruntime140_1.dll
0x00007ffa3cd80000 - 0x00007ffa3ce11000 	C:\Users\kvarshitha\Downloads\sts-4.16.1.RELEASE\plugins\org.eclipse.justj.openjdk.hotspot.jre.full.win32.x86_64_17.0.4.v20221004-1257\jre\bin\msvcp140.dll
0x00007ff9ed970000 - 0x00007ff9ee5b6000 	C:\Users\kvarshitha\Downloads\sts-4.16.1.RELEASE\plugins\org.eclipse.justj.openjdk.hotspot.jre.full.win32.x86_64_17.0.4.v20221004-1257\jre\bin\server\jvm.dll
0x00007ffa88ce0000 - 0x00007ffa88d8e000 	C:\Windows\System32\ADVAPI32.dll
0x00007ffa87030000 - 0x00007ffa870cc000 	C:\Windows\System32\sechost.dll
0x00007ffa88960000 - 0x00007ffa88a85000 	C:\Windows\System32\RPCRT4.dll
0x00007ffa88f40000 - 0x00007ffa88f48000 	C:\Windows\System32\PSAPI.DLL
0x00007ffa699a0000 - 0x00007ffa699a9000 	C:\Windows\SYSTEM32\WSOCK32.dll
0x00007ffa81fe0000 - 0x00007ffa82007000 	C:\Windows\SYSTEM32\WINMM.dll
0x00007ffa880e0000 - 0x00007ffa8814b000 	C:\Windows\System32\WS2_32.dll
0x00007ffa7c830000 - 0x00007ffa7c83a000 	C:\Windows\SYSTEM32\VERSION.dll
0x00007ffa84f30000 - 0x00007ffa84f42000 	C:\Windows\SYSTEM32\kernel.appcore.dll
0x00007ffa7c0c0000 - 0x00007ffa7c0ca000 	C:\Users\kvarshitha\Downloads\sts-4.16.1.RELEASE\plugins\org.eclipse.justj.openjdk.hotspot.jre.full.win32.x86_64_17.0.4.v20221004-1257\jre\bin\jimage.dll
0x00007ffa84d30000 - 0x00007ffa84f14000 	C:\Windows\SYSTEM32\DBGHELP.DLL
0x00007ffa69ce0000 - 0x00007ffa69d15000 	C:\Windows\SYSTEM32\dbgcore.DLL
0x00007ffa86a10000 - 0x00007ffa86a92000 	C:\Windows\System32\bcryptPrimitives.dll
0x00007ffa41520000 - 0x00007ffa41545000 	C:\Users\kvarshitha\Downloads\sts-4.16.1.RELEASE\plugins\org.eclipse.justj.openjdk.hotspot.jre.full.win32.x86_64_17.0.4.v20221004-1257\jre\bin\java.dll
0x00007ffa71b30000 - 0x00007ffa71b48000 	C:\Users\kvarshitha\Downloads\sts-4.16.1.RELEASE\plugins\org.eclipse.justj.openjdk.hotspot.jre.full.win32.x86_64_17.0.4.v20221004-1257\jre\bin\zip.dll
0x00007ffa873a0000 - 0x00007ffa87ae5000 	C:\Windows\System32\SHELL32.dll
0x00007ffa844c0000 - 0x00007ffa84c52000 	C:\Windows\SYSTEM32\windows.storage.dll
0x00007ffa87af0000 - 0x00007ffa87e45000 	C:\Windows\System32\combase.dll
0x00007ffa86140000 - 0x00007ffa86170000 	C:\Windows\SYSTEM32\Wldp.dll
0x00007ffa888b0000 - 0x00007ffa8895d000 	C:\Windows\System32\SHCORE.dll
0x00007ffa88850000 - 0x00007ffa888a5000 	C:\Windows\System32\shlwapi.dll
0x00007ffa86620000 - 0x00007ffa8663f000 	C:\Windows\SYSTEM32\profapi.dll
0x00007ffa707b0000 - 0x00007ffa707c9000 	C:\Users\kvarshitha\Downloads\sts-4.16.1.RELEASE\plugins\org.eclipse.justj.openjdk.hotspot.jre.full.win32.x86_64_17.0.4.v20221004-1257\jre\bin\net.dll
0x00007ffa78c70000 - 0x00007ffa78d7c000 	C:\Windows\SYSTEM32\WINHTTP.dll
0x00007ffa85ea0000 - 0x00007ffa85f0a000 	C:\Windows\system32\mswsock.dll
0x00007ffa5bb90000 - 0x00007ffa5bba5000 	C:\Users\kvarshitha\Downloads\sts-4.16.1.RELEASE\plugins\org.eclipse.justj.openjdk.hotspot.jre.full.win32.x86_64_17.0.4.v20221004-1257\jre\bin\nio.dll
0x00007ffa68c30000 - 0x00007ffa68c39000 	C:\Users\kvarshitha\Downloads\sts-4.16.1.RELEASE\plugins\org.eclipse.justj.openjdk.hotspot.jre.full.win32.x86_64_17.0.4.v20221004-1257\jre\bin\management.dll
0x00007ffa68c20000 - 0x00007ffa68c2b000 	C:\Users\kvarshitha\Downloads\sts-4.16.1.RELEASE\plugins\org.eclipse.justj.openjdk.hotspot.jre.full.win32.x86_64_17.0.4.v20221004-1257\jre\bin\management_ext.dll
0x00007ffa5c940000 - 0x00007ffa5c957000 	C:\Windows\system32\napinsp.dll
0x00007ffa5c920000 - 0x00007ffa5c93b000 	C:\Windows\system32\pnrpnsp.dll
0x00007ffa5b9a0000 - 0x00007ffa5b9b5000 	C:\Windows\system32\wshbth.dll
0x00007ffa81de0000 - 0x00007ffa81dfd000 	C:\Windows\system32\NLAapi.dll
0x00007ffa85b40000 - 0x00007ffa85b7b000 	C:\Windows\SYSTEM32\IPHLPAPI.DLL
0x00007ffa85b80000 - 0x00007ffa85c4b000 	C:\Windows\SYSTEM32\DNSAPI.dll
0x00007ffa88150000 - 0x00007ffa88158000 	C:\Windows\System32\NSI.dll
0x00007ffa5b8a0000 - 0x00007ffa5b8b2000 	C:\Windows\System32\winrnr.dll
0x00007ffa6ea80000 - 0x00007ffa6ea8a000 	C:\Windows\System32\rasadhlp.dll
0x00007ffa6edd0000 - 0x00007ffa6ee50000 	C:\Windows\System32\fwpuclnt.dll
0x00007ffa866e0000 - 0x00007ffa86707000 	C:\Windows\System32\bcrypt.dll
0x00007ffa86090000 - 0x00007ffa860a8000 	C:\Windows\SYSTEM32\CRYPTSP.dll
0x00007ffa85750000 - 0x00007ffa85784000 	C:\Windows\system32\rsaenh.dll
0x00007ffa865e0000 - 0x00007ffa8660e000 	C:\Windows\SYSTEM32\USERENV.dll
0x00007ffa860b0000 - 0x00007ffa860bc000 	C:\Windows\SYSTEM32\CRYPTBASE.dll
0x00007ffa798e0000 - 0x00007ffa798f7000 	C:\Windows\SYSTEM32\dhcpcsvc6.DLL
0x00007ffa7a0a0000 - 0x00007ffa7a0bd000 	C:\Windows\SYSTEM32\dhcpcsvc.DLL
0x00007ffa7b570000 - 0x00007ffa7b580000 	C:\Users\kvarshitha\Downloads\sts-4.16.1.RELEASE\plugins\org.eclipse.justj.openjdk.hotspot.jre.full.win32.x86_64_17.0.4.v20221004-1257\jre\bin\verify.dll
0x00007ffa7b3f0000 - 0x00007ffa7b3fe000 	C:\Users\kvarshitha\Downloads\sts-4.16.1.RELEASE\plugins\org.eclipse.justj.openjdk.hotspot.jre.full.win32.x86_64_17.0.4.v20221004-1257\jre\bin\sunmscapi.dll
0x00007ffa86aa0000 - 0x00007ffa86bf6000 	C:\Windows\System32\CRYPT32.dll
0x00007ffa861b0000 - 0x00007ffa861d7000 	C:\Windows\SYSTEM32\ncrypt.dll
0x00007ffa86170000 - 0x00007ffa861ab000 	C:\Windows\SYSTEM32\NTASN1.dll
0x00007ffa5fdb0000 - 0x00007ffa5fdb7000 	C:\Windows\system32\wshunix.dll

dbghelp: loaded successfully - version: 4.0.5 - missing functions: none
symbol engine: initialized successfully - sym options: 0x614 - pdb path: .;C:\Users\kvarshitha\Downloads\sts-4.16.1.RELEASE\plugins\org.eclipse.justj.openjdk.hotspot.jre.full.win32.x86_64_17.0.4.v20221004-1257\jre\bin;C:\Windows\SYSTEM32;C:\Windows\WinSxS\amd64_microsoft.windows.common-controls_6595b64144ccf1df_6.0.19041.1110_none_60b5254171f9507e;C:\Users\kvarshitha\Downloads\sts-4.16.1.RELEASE\plugins\org.eclipse.justj.openjdk.hotspot.jre.full.win32.x86_64_17.0.4.v20221004-1257\jre\bin\server

VM Arguments:
jvm_args: -Dcom.sun.management.jmxremote -Dcom.sun.management.jmxremote.port=58348 -Dcom.sun.management.jmxremote.authenticate=false -Dcom.sun.management.jmxremote.ssl=false -Djava.rmi.server.hostname=localhost -Dspring.jmx.enabled=true -Dspring.application.admin.enabled=true -XX:TieredStopAtLevel=1 -Dspring.boot.project.name=MovieService -Dfile.encoding=UTF-8 -XX:+ShowCodeDetailsInExceptionMessages 
java_command: com.example.MovieService.MovieServiceApplication --spring.output.ansi.enabled=always
java_class_path (initial): C:\Users\kvarshitha\git\BetterCinemaProjectBackend\MovieService\target\classes;C:\Users\kvarshitha\.m2\repository\org\springframework\boot\spring-boot-starter-data-jpa\3.0.1\spring-boot-starter-data-jpa-3.0.1.jar;C:\Users\kvarshitha\.m2\repository\org\springframework\boot\spring-boot-starter-aop\3.0.1\spring-boot-starter-aop-3.0.1.jar;C:\Users\kvarshitha\.m2\repository\org\springframework\spring-aop\6.0.3\spring-aop-6.0.3.jar;C:\Users\kvarshitha\.m2\repository\org\aspectj\aspectjweaver\1.9.19\aspectjweaver-1.9.19.jar;C:\Users\kvarshitha\.m2\repository\org\springframework\boot\spring-boot-starter-jdbc\3.0.1\spring-boot-starter-jdbc-3.0.1.jar;C:\Users\kvarshitha\.m2\repository\com\zaxxer\HikariCP\5.0.1\HikariCP-5.0.1.jar;C:\Users\kvarshitha\.m2\repository\org\springframework\spring-jdbc\6.0.3\spring-jdbc-6.0.3.jar;C:\Users\kvarshitha\.m2\repository\org\hibernate\orm\hibernate-core\6.1.6.Final\hibernate-core-6.1.6.Final.jar;C:\Users\kvarshitha\.m2\repository\jakarta\persistence\jakarta.persistence-api\3.1.0\jakarta.persistence-api-3.1.0.jar;C:\Users\kvarshitha\.m2\repository\jakarta\transaction\jakarta.transaction-api\2.0.1\jakarta.transaction-api-2.0.1.jar;C:\Users\kvarshitha\.m2\repository\org\jboss\logging\jboss-logging\3.5.0.Final\jboss-logging-3.5.0.Final.jar;C:\Users\kvarshitha\.m2\repository\org\hibernate\common\hibernate-commons-annotations\6.0.2.Final\hibernate-commons-annotations-6.0.2.Final.jar;C:\Users\kvarshitha\.m2\repository\org\jboss\jandex\2.4.2.Final\jandex-2.4.2.Final.jar;C:\Users\kvarshitha\.m2\repository\com\fasterxml\classmate\1.5.1\classmate-1.5.1.jar;C:\Users\kvarshitha\.m2\repository\net\bytebuddy\byte-buddy\1.12.20\byte-buddy-1.12.20.jar;C:\Users\kvarshitha\.m2\repository\org\glassfish\jaxb\jaxb-runtime\4.0.1\jaxb-runtime-4.0.1.jar;C:\Users\kvarshitha\.m2\repository\org\glassfish\jaxb\jaxb-core\4.0.1\jaxb-core-4.0.1.jar;C:\Users\kvarshitha\.m2\repository\org\eclipse\angus\angus-activation\1.0.0\angus-activation-1.0
Launcher Type: SUN_STANDARD

[Global flags]
     intx CICompilerCount                          = 4                                         {product} {ergonomic}
     uint ConcGCThreads                            = 2                                         {product} {ergonomic}
     uint G1ConcRefinementThreads                  = 8                                         {product} {ergonomic}
   size_t G1HeapRegionSize                         = 2097152                                   {product} {ergonomic}
    uintx GCDrainStackTargetSize                   = 64                                        {product} {ergonomic}
   size_t InitialHeapSize                          = 264241152                                 {product} {ergonomic}
     bool ManagementServer                         = true                                      {product} {command line}
   size_t MarkStackSize                            = 4194304                                   {product} {ergonomic}
   size_t MaxHeapSize                              = 4225761280                                {product} {ergonomic}
   size_t MaxNewSize                               = 2535456768                                {product} {ergonomic}
   size_t MinHeapDeltaBytes                        = 2097152                                   {product} {ergonomic}
   size_t MinHeapSize                              = 8388608                                   {product} {ergonomic}
    uintx NonProfiledCodeHeapSize                  = 0                                      {pd product} {ergonomic}
     bool ProfileInterpreter                       = false                                  {pd product} {command line}
    uintx ProfiledCodeHeapSize                     = 0                                      {pd product} {ergonomic}
     bool ShowCodeDetailsInExceptionMessages       = true                                   {manageable} {command line}
   size_t SoftMaxHeapSize                          = 4225761280                             {manageable} {ergonomic}
     intx TieredStopAtLevel                        = 1                                         {product} {command line}
     bool UseCompressedClassPointers               = true                           {product lp64_product} {ergonomic}
     bool UseCompressedOops                        = true                           {product lp64_product} {ergonomic}
     bool UseG1GC                                  = true                                      {product} {ergonomic}
     bool UseLargePagesIndividualAllocation        = false                                  {pd product} {ergonomic}

Logging:
Log output configuration:
 #0: stdout all=warning uptime,level,tags
 #1: stderr all=off uptime,level,tags

Environment Variables:
PATH=C:/Users/kvarshitha/Downloads/sts-4.16.1.RELEASE//plugins/org.eclipse.justj.openjdk.hotspot.jre.full.win32.x86_64_17.0.4.v20221004-1257/jre/bin/server;C:/Users/kvarshitha/Downloads/sts-4.16.1.RELEASE//plugins/org.eclipse.justj.openjdk.hotspot.jre.full.win32.x86_64_17.0.4.v20221004-1257/jre/bin;C:\app\Administrator\product\21c\dbhomeXE\bin;C:\Program Files (x86)\Common Files\Oracle\Java\javapath;C:\Windows\system32;C:\Windows;C:\Windows\System32\Wbem;C:\Windows\System32\WindowsPowerShell\v1.0\;C:\Windows\System32\OpenSSH\;C:\Program Files\nodejs\;C:\Users\kvarshitha\AppData\Local\Microsoft\WindowsApps;C:\Users\kvarshitha\AppData\Local\Programs\Microsoft VS Code\bin;C:\Users\kvarshitha\Downloads\apache-maven-3.8.6-bin\apache-maven-3.8.6\bin;C:\Users\kvarshitha\AppData\Roaming\npm;C:\Users\kvarshitha\AppData\Local\Programs\Git\cmd;C:\Users\kvarshitha\Downloads\sts-4.16.1.RELEASE;
USERNAME=kvarshitha
OS=Windows_NT
PROCESSOR_IDENTIFIER=Intel64 Family 6 Model 142 Stepping 12, GenuineIntel
TMP=C:\Users\KVARSH~1\AppData\Local\Temp
TEMP=C:\Users\KVARSH~1\AppData\Local\Temp



---------------  S Y S T E M  ---------------

OS:
 Windows 10 , 64 bit Build 19041 (10.0.19041.2546)
OS uptime: 18 days 15:11 hours

CPU: total 8 (initial active 8) (4 cores per cpu, 2 threads per core) family 6 model 142 stepping 12 microcode 0xea, cx8, cmov, fxsr, ht, mmx, 3dnowpref, sse, sse2, sse3, ssse3, sse4.1, sse4.2, popcnt, lzcnt, tsc, tscinvbit, avx, avx2, aes, erms, clmul, bmi1, bmi2, adx, fma, vzeroupper, clflush, clflushopt

Memory: 4k page, system-wide physical 16114M (4464M free)
TotalPageFile size 20341M (AvailPageFile size 5717M)
current process WorkingSet (physical memory assigned to process): 304M, peak: 304M
current process commit charge ("private bytes"): 354M, peak: 361M

vm_info: OpenJDK 64-Bit Server VM (17.0.4.1+1) for windows-amd64 JRE (17.0.4.1+1), built on Aug 17 2022 07:42:43 by "temurin" with MS VC++ 16.7 (VS2019)

END.
